<?xml version="1.0" encoding="UTF-8"?>
<!-- Generated by org.testng.reporters.JUnitReportReporter -->
<testsuite hostname="chironprabathz" failures="0" tests="8" name="com.mycompany.app.CalculatorTest" time="0.009" errors="0" timestamp="8 Nov 2023 16:19:08 GMT">
  <testcase classname="com.mycompany.app.CalculatorTest" name="testSubtraction" time="0.002"/>
  <testcase classname="com.mycompany.app.CalculatorTest" name="testMultiplication" time="0.000"/>
  <testcase classname="com.mycompany.app.CalculatorTest" name="testAdditionWithDataProvider" time="0.000"/>
  <testcase classname="com.mycompany.app.CalculatorTest" name="testDivision" time="0.003"/>
  <testcase classname="com.mycompany.app.CalculatorTest" name="testAdditionWithDataProvider" time="0.001"/>
  <testcase classname="com.mycompany.app.CalculatorTest" name="testModulus" time="0.000"/>
  <testcase classname="com.mycompany.app.CalculatorTest" name="testAddition" time="0.001"/>
  <testcase classname="com.mycompany.app.CalculatorTest" name="testAdditionWithDataProvider" time="0.002"/>
</testsuite> <!-- com.mycompany.app.CalculatorTest -->
