<?xml version="1.0" encoding="UTF-8"?>
<!-- Generated by org.testng.reporters.JUnitReportReporter -->
<testsuite hostname="chironprabathz" failures="0" tests="1" name="com.mycompany.app.AppTest" time="0.002" errors="0" timestamp="8 Nov 2023 16:19:08 GMT">
  <testcase classname="com.mycompany.app.AppTest" name="shouldAnswerWithTrue" time="0.002"/>
</testsuite> <!-- com.mycompany.app.AppTest -->
